  SFML_Project_03.cpp
C:\Users\alexd\source\repos\SFML_Project_03\SFML_Project_03\SFML_Project_03.cpp(18,23): warning C4018: '<': signed/unsigned mismatch
C:\Users\alexd\source\repos\SFML_Project_03\SFML_Project_03\SFML_Project_03.cpp(28,27): warning C4018: '<': signed/unsigned mismatch
C:\Users\alexd\source\repos\SFML_Project_03\SFML_Project_03\SFML_Project_03.cpp(34,23): warning C4018: '<': signed/unsigned mismatch
C:\Users\alexd\source\repos\SFML_Project_03\SFML_Project_03\SFML_Project_03.cpp(124,23): warning C4018: '<': signed/unsigned mismatch
C:\Users\alexd\source\repos\SFML_Project_03\SFML_Project_03\SFML_Project_03.cpp(215,27): warning C4018: '<': signed/unsigned mismatch
C:\Users\alexd\source\repos\SFML_Project_03\SFML_Project_03\SFML_Project_03.cpp(226,55): warning C4244: 'argument': conversion from 'int' to 'float', possible loss of data
C:\Users\alexd\source\repos\SFML_Project_03\SFML_Project_03\SFML_Project_03.cpp(226,47): warning C4244: 'argument': conversion from 'int' to 'float', possible loss of data
C:\Users\alexd\source\repos\SFML_Project_03\SFML_Project_03\SFML_Project_03.cpp(231,45): warning C4244: 'argument': conversion from 'int' to 'float', possible loss of data
C:\Users\alexd\source\repos\SFML_Project_03\SFML_Project_03\SFML_Project_03.cpp(231,39): warning C4244: 'argument': conversion from 'int' to 'float', possible loss of data
C:\Users\alexd\source\repos\SFML_Project_03\SFML_Project_03\SFML_Project_03.cpp(235,54): warning C4244: 'argument': conversion from 'int' to 'float', possible loss of data
C:\Users\alexd\source\repos\SFML_Project_03\SFML_Project_03\SFML_Project_03.cpp(235,48): warning C4244: 'argument': conversion from 'int' to 'float', possible loss of data
C:\Users\alexd\source\repos\SFML_Project_03\SFML_Project_03\SFML_Project_03.cpp(239,48): warning C4244: 'argument': conversion from 'int' to 'float', possible loss of data
C:\Users\alexd\source\repos\SFML_Project_03\SFML_Project_03\SFML_Project_03.cpp(239,40): warning C4244: 'argument': conversion from 'int' to 'float', possible loss of data
C:\Users\alexd\source\repos\SFML_Project_03\SFML_Project_03\SFML_Project_03.cpp(244,56): warning C4244: 'argument': conversion from 'int' to 'float', possible loss of data
C:\Users\alexd\source\repos\SFML_Project_03\SFML_Project_03\SFML_Project_03.cpp(244,48): warning C4244: 'argument': conversion from 'int' to 'float', possible loss of data
C:\Users\alexd\source\repos\SFML_Project_03\SFML_Project_03\SFML_Project_03.cpp(248,56): warning C4244: 'argument': conversion from 'int' to 'float', possible loss of data
C:\Users\alexd\source\repos\SFML_Project_03\SFML_Project_03\SFML_Project_03.cpp(248,48): warning C4244: 'argument': conversion from 'int' to 'float', possible loss of data
C:\Users\alexd\source\repos\SFML_Project_03\SFML_Project_03\SFML_Project_03.cpp(252,56): warning C4244: 'argument': conversion from 'int' to 'float', possible loss of data
C:\Users\alexd\source\repos\SFML_Project_03\SFML_Project_03\SFML_Project_03.cpp(252,48): warning C4244: 'argument': conversion from 'int' to 'float', possible loss of data
C:\Users\alexd\source\repos\SFML_Project_03\SFML_Project_03\SFML_Project_03.cpp(256,56): warning C4244: 'argument': conversion from 'int' to 'float', possible loss of data
C:\Users\alexd\source\repos\SFML_Project_03\SFML_Project_03\SFML_Project_03.cpp(256,48): warning C4244: 'argument': conversion from 'int' to 'float', possible loss of data
C:\Users\alexd\source\repos\SFML_Project_03\SFML_Project_03\SFML_Project_03.cpp(260,56): warning C4244: 'argument': conversion from 'int' to 'float', possible loss of data
C:\Users\alexd\source\repos\SFML_Project_03\SFML_Project_03\SFML_Project_03.cpp(260,48): warning C4244: 'argument': conversion from 'int' to 'float', possible loss of data
C:\Users\alexd\source\repos\SFML_Project_03\SFML_Project_03\SFML_Project_03.cpp(264,56): warning C4244: 'argument': conversion from 'int' to 'float', possible loss of data
C:\Users\alexd\source\repos\SFML_Project_03\SFML_Project_03\SFML_Project_03.cpp(264,48): warning C4244: 'argument': conversion from 'int' to 'float', possible loss of data
C:\Users\alexd\source\repos\SFML_Project_03\SFML_Project_03\SFML_Project_03.cpp(268,56): warning C4244: 'argument': conversion from 'int' to 'float', possible loss of data
C:\Users\alexd\source\repos\SFML_Project_03\SFML_Project_03\SFML_Project_03.cpp(268,48): warning C4244: 'argument': conversion from 'int' to 'float', possible loss of data
C:\Users\alexd\source\repos\SFML_Project_03\SFML_Project_03\SFML_Project_03.cpp(272,56): warning C4244: 'argument': conversion from 'int' to 'float', possible loss of data
C:\Users\alexd\source\repos\SFML_Project_03\SFML_Project_03\SFML_Project_03.cpp(272,48): warning C4244: 'argument': conversion from 'int' to 'float', possible loss of data
C:\Users\alexd\source\repos\SFML_Project_03\SFML_Project_03\SFML_Project_03.cpp(277,69): warning C4244: 'argument': conversion from 'int' to 'float', possible loss of data
C:\Users\alexd\source\repos\SFML_Project_03\SFML_Project_03\SFML_Project_03.cpp(277,58): warning C4244: 'argument': conversion from 'int' to 'float', possible loss of data
C:\Users\alexd\source\repos\SFML_Project_03\SFML_Project_03\SFML_Project_03.cpp(281,67): warning C4244: 'argument': conversion from 'int' to 'float', possible loss of data
C:\Users\alexd\source\repos\SFML_Project_03\SFML_Project_03\SFML_Project_03.cpp(281,56): warning C4244: 'argument': conversion from 'int' to 'float', possible loss of data
C:\Users\alexd\source\repos\SFML_Project_03\SFML_Project_03\SFML_Project_03.cpp(285,68): warning C4244: 'argument': conversion from 'int' to 'float', possible loss of data
C:\Users\alexd\source\repos\SFML_Project_03\SFML_Project_03\SFML_Project_03.cpp(285,57): warning C4244: 'argument': conversion from 'int' to 'float', possible loss of data
C:\Users\alexd\source\repos\SFML_Project_03\SFML_Project_03\SFML_Project_03.cpp(288,60): warning C4244: 'argument': conversion from 'int' to 'float', possible loss of data
C:\Users\alexd\source\repos\SFML_Project_03\SFML_Project_03\SFML_Project_03.cpp(288,49): warning C4244: 'argument': conversion from 'int' to 'float', possible loss of data
C:\Users\alexd\source\repos\SFML_Project_03\SFML_Project_03\SFML_Project_03.cpp(290,62): warning C4244: 'argument': conversion from 'int' to 'float', possible loss of data
C:\Users\alexd\source\repos\SFML_Project_03\SFML_Project_03\SFML_Project_03.cpp(290,50): warning C4244: 'argument': conversion from 'int' to 'float', possible loss of data
C:\Users\alexd\source\repos\SFML_Project_03\SFML_Project_03\SFML_Project_03.cpp(292,62): warning C4244: 'argument': conversion from 'int' to 'float', possible loss of data
C:\Users\alexd\source\repos\SFML_Project_03\SFML_Project_03\SFML_Project_03.cpp(292,50): warning C4244: 'argument': conversion from 'int' to 'float', possible loss of data
C:\Users\alexd\source\repos\SFML_Project_03\SFML_Project_03\SFML_Project_03.cpp(294,62): warning C4244: 'argument': conversion from 'int' to 'float', possible loss of data
C:\Users\alexd\source\repos\SFML_Project_03\SFML_Project_03\SFML_Project_03.cpp(294,50): warning C4244: 'argument': conversion from 'int' to 'float', possible loss of data
C:\Users\alexd\source\repos\SFML_Project_03\SFML_Project_03\SFML_Project_03.cpp(300,48): warning C4244: 'argument': conversion from 'int' to 'float', possible loss of data
C:\Users\alexd\source\repos\SFML_Project_03\SFML_Project_03\SFML_Project_03.cpp(303,49): warning C4244: 'argument': conversion from 'int' to 'float', possible loss of data
C:\Users\alexd\source\repos\SFML_Project_03\SFML_Project_03\SFML_Project_03.cpp(307,49): warning C4244: 'argument': conversion from 'int' to 'float', possible loss of data
C:\Users\alexd\source\repos\SFML_Project_03\SFML_Project_03\SFML_Project_03.cpp(310,49): warning C4244: 'argument': conversion from 'int' to 'float', possible loss of data
C:\Users\alexd\source\repos\SFML_Project_03\SFML_Project_03\SFML_Project_03.cpp(315,48): warning C4244: 'argument': conversion from 'int' to 'float', possible loss of data
C:\Users\alexd\source\repos\SFML_Project_03\SFML_Project_03\SFML_Project_03.cpp(318,49): warning C4244: 'argument': conversion from 'int' to 'float', possible loss of data
C:\Users\alexd\source\repos\SFML_Project_03\SFML_Project_03\SFML_Project_03.cpp(322,49): warning C4244: 'argument': conversion from 'int' to 'float', possible loss of data
C:\Users\alexd\source\repos\SFML_Project_03\SFML_Project_03\SFML_Project_03.cpp(325,49): warning C4244: 'argument': conversion from 'int' to 'float', possible loss of data
C:\Users\alexd\source\repos\SFML_Project_03\SFML_Project_03\SFML_Project_03.cpp(369,43): warning C4018: '<': signed/unsigned mismatch
C:\Users\alexd\source\repos\SFML_Project_03\SFML_Project_03\SFML_Project_03.cpp(381,43): warning C4018: '<': signed/unsigned mismatch
C:\Users\alexd\source\repos\SFML_Project_03\SFML_Project_03\SFML_Project_03.cpp(393,43): warning C4018: '<': signed/unsigned mismatch
C:\Users\alexd\source\repos\SFML_Project_03\SFML_Project_03\SFML_Project_03.cpp(416,43): warning C4018: '<': signed/unsigned mismatch
C:\Users\alexd\source\repos\SFML_Project_03\SFML_Project_03\SFML_Project_03.cpp(427,47): warning C4018: '<': signed/unsigned mismatch
C:\Users\alexd\source\repos\SFML_Project_03\SFML_Project_03\SFML_Project_03.cpp(447,43): warning C4018: '<': signed/unsigned mismatch
C:\Users\alexd\source\repos\SFML_Project_03\SFML_Project_03\SFML_Project_03.cpp(458,47): warning C4018: '<': signed/unsigned mismatch
C:\Users\alexd\source\repos\SFML_Project_03\SFML_Project_03\SFML_Project_03.cpp(478,43): warning C4018: '<': signed/unsigned mismatch
C:\Users\alexd\source\repos\SFML_Project_03\SFML_Project_03\SFML_Project_03.cpp(489,47): warning C4018: '<': signed/unsigned mismatch
C:\Users\alexd\source\repos\SFML_Project_03\SFML_Project_03\SFML_Project_03.cpp(520,43): warning C4018: '<': signed/unsigned mismatch
  Generating code
  33 of 504 functions ( 6.5%) were compiled, the rest were copied from previous compilation.
    2 functions were new in current compilation
    16 functions had inline decision re-evaluated but remain unchanged
  Finished generating code
  SFML_Project_03.vcxproj -> C:\Users\alexd\source\repos\SFML_Project_03\Release\SFML_Project_03.exe
